[2015-11-19 03:06:15] production.ERROR: exception 'RuntimeException' with message 'No supported encrypter found. The cipher and / or key length are invalid.' in /var/www/Starcraft_2_micro_trainer/vendor/laravel/framework/src/Illuminate/Encryption/EncryptionServiceProvider.php:29
Stack trace:
#0 /var/www/Starcraft_2_micro_trainer/vendor/laravel/framework/src/Illuminate/Container/Container.php(734): Illuminate\Encryption\EncryptionServiceProvider->Illuminate\Encryption\{closure}(Object(Illuminate\Foundation\Application), Array)
#1 /var/www/Starcraft_2_micro_trainer/vendor/laravel/framework/src/Illuminate/Container/Container.php(627): Illuminate\Container\Container->build(Object(Closure), Array)
#2 /var/www/Starcraft_2_micro_trainer/vendor/laravel/framework/src/Illuminate/Foundation/Application.php(674): Illuminate\Container\Container->make('encrypter', Array)
#3 /var/www/Starcraft_2_micro_trainer/vendor/laravel/framework/src/Illuminate/Container/Container.php(838): Illuminate\Foundation\Application->make('Illuminate\\Cont...')
#4 /var/www/Starcraft_2_micro_trainer/vendor/laravel/framework/src/Illuminate/Container/Container.php(801): Illuminate\Container\Container->resolveClass(Object(ReflectionParameter))
#5 /var/www/Starcraft_2_micro_trainer/vendor/laravel/framework/src/Illuminate/Container/Container.php(772): Illuminate\Container\Container->getDependencies(Array, Array)
#6 /var/www/Starcraft_2_micro_trainer/vendor/laravel/framework/src/Illuminate/Container/Container.php(627): Illuminate\Container\Container->build('App\\Http\\Middle...', Array)
#7 /var/www/Starcraft_2_micro_trainer/vendor/laravel/framework/src/Illuminate/Foundation/Application.php(674): Illuminate\Container\Container->make('App\\Http\\Middle...', Array)
#8 /var/www/Starcraft_2_micro_trainer/vendor/laravel/framework/src/Illuminate/Pipeline/Pipeline.php(123): Illuminate\Foundation\Application->make('App\\Http\\Middle...')
#9 /var/www/Starcraft_2_micro_trainer/vendor/laravel/framework/src/Illuminate/Foundation/Http/Middleware/CheckForMaintenanceMode.php(42): Illuminate\Pipeline\Pipeline->Illuminate\Pipeline\{closure}(Object(Illuminate\Http\Request))
#10 [internal function]: Illuminate\Foundation\Http\Middleware\CheckForMaintenanceMode->handle(Object(Illuminate\Http\Request), Object(Closure))
#11 /var/www/Starcraft_2_micro_trainer/vendor/laravel/framework/src/Illuminate/Pipeline/Pipeline.php(124): call_user_func_array(Array, Array)
#12 [internal function]: Illuminate\Pipeline\Pipeline->Illuminate\Pipeline\{closure}(Object(Illuminate\Http\Request))
#13 /var/www/Starcraft_2_micro_trainer/vendor/laravel/framework/src/Illuminate/Pipeline/Pipeline.php(103): call_user_func(Object(Closure), Object(Illuminate\Http\Request))
#14 /var/www/Starcraft_2_micro_trainer/vendor/laravel/framework/src/Illuminate/Foundation/Http/Kernel.php(122): Illuminate\Pipeline\Pipeline->then(Object(Closure))
#15 /var/www/Starcraft_2_micro_trainer/vendor/laravel/framework/src/Illuminate/Foundation/Http/Kernel.php(87): Illuminate\Foundation\Http\Kernel->sendRequestThroughRouter(Object(Illuminate\Http\Request))
#16 /var/www/Starcraft_2_micro_trainer/public/index.php(54): Illuminate\Foundation\Http\Kernel->handle(Object(Illuminate\Http\Request))
#17 {main}  
[2015-11-19 03:06:15] production.ERROR: exception 'RuntimeException' with message 'No supported encrypter found. The cipher and / or key length are invalid.' in /var/www/Starcraft_2_micro_trainer/vendor/laravel/framework/src/Illuminate/Encryption/EncryptionServiceProvider.php:29
Stack trace:
#0 /var/www/Starcraft_2_micro_trainer/vendor/laravel/framework/src/Illuminate/Container/Container.php(734): Illuminate\Encryption\EncryptionServiceProvider->Illuminate\Encryption\{closure}(Object(Illuminate\Foundation\Application), Array)
#1 /var/www/Starcraft_2_micro_trainer/vendor/laravel/framework/src/Illuminate/Container/Container.php(627): Illuminate\Container\Container->build(Object(Closure), Array)
#2 /var/www/Starcraft_2_micro_trainer/vendor/laravel/framework/src/Illuminate/Foundation/Application.php(674): Illuminate\Container\Container->make('encrypter', Array)
#3 /var/www/Starcraft_2_micro_trainer/vendor/laravel/framework/src/Illuminate/Container/Container.php(838): Illuminate\Foundation\Application->make('Illuminate\\Cont...')
#4 /var/www/Starcraft_2_micro_trainer/vendor/laravel/framework/src/Illuminate/Container/Container.php(801): Illuminate\Container\Container->resolveClass(Object(ReflectionParameter))
#5 /var/www/Starcraft_2_micro_trainer/vendor/laravel/framework/src/Illuminate/Container/Container.php(772): Illuminate\Container\Container->getDependencies(Array, Array)
#6 /var/www/Starcraft_2_micro_trainer/vendor/laravel/framework/src/Illuminate/Container/Container.php(627): Illuminate\Container\Container->build('App\\Http\\Middle...', Array)
#7 /var/www/Starcraft_2_micro_trainer/vendor/laravel/framework/src/Illuminate/Foundation/Application.php(674): Illuminate\Container\Container->make('App\\Http\\Middle...', Array)
#8 /var/www/Starcraft_2_micro_trainer/vendor/laravel/framework/src/Illuminate/Foundation/Http/Kernel.php(142): Illuminate\Foundation\Application->make('App\\Http\\Middle...')
#9 /var/www/Starcraft_2_micro_trainer/public/index.php(58): Illuminate\Foundation\Http\Kernel->terminate(Object(Illuminate\Http\Request), Object(Illuminate\Http\Response))
#10 {main}  
[2015-11-19 03:06:33] production.ERROR: exception 'RuntimeException' with message 'No supported encrypter found. The cipher and / or key length are invalid.' in /var/www/Starcraft_2_micro_trainer/vendor/laravel/framework/src/Illuminate/Encryption/EncryptionServiceProvider.php:29
Stack trace:
#0 /var/www/Starcraft_2_micro_trainer/vendor/laravel/framework/src/Illuminate/Container/Container.php(734): Illuminate\Encryption\EncryptionServiceProvider->Illuminate\Encryption\{closure}(Object(Illuminate\Foundation\Application), Array)
#1 /var/www/Starcraft_2_micro_trainer/vendor/laravel/framework/src/Illuminate/Container/Container.php(627): Illuminate\Container\Container->build(Object(Closure), Array)
#2 /var/www/Starcraft_2_micro_trainer/vendor/laravel/framework/src/Illuminate/Foundation/Application.php(674): Illuminate\Container\Container->make('encrypter', Array)
#3 /var/www/Starcraft_2_micro_trainer/vendor/laravel/framework/src/Illuminate/Container/Container.php(838): Illuminate\Foundation\Application->make('Illuminate\\Cont...')
#4 /var/www/Starcraft_2_micro_trainer/vendor/laravel/framework/src/Illuminate/Container/Container.php(801): Illuminate\Container\Container->resolveClass(Object(ReflectionParameter))
#5 /var/www/Starcraft_2_micro_trainer/vendor/laravel/framework/src/Illuminate/Container/Container.php(772): Illuminate\Container\Container->getDependencies(Array, Array)
#6 /var/www/Starcraft_2_micro_trainer/vendor/laravel/framework/src/Illuminate/Container/Container.php(627): Illuminate\Container\Container->build('App\\Http\\Middle...', Array)
#7 /var/www/Starcraft_2_micro_trainer/vendor/laravel/framework/src/Illuminate/Foundation/Application.php(674): Illuminate\Container\Container->make('App\\Http\\Middle...', Array)
#8 /var/www/Starcraft_2_micro_trainer/vendor/laravel/framework/src/Illuminate/Pipeline/Pipeline.php(123): Illuminate\Foundation\Application->make('App\\Http\\Middle...')
#9 /var/www/Starcraft_2_micro_trainer/vendor/laravel/framework/src/Illuminate/Foundation/Http/Middleware/CheckForMaintenanceMode.php(42): Illuminate\Pipeline\Pipeline->Illuminate\Pipeline\{closure}(Object(Illuminate\Http\Request))
#10 [internal function]: Illuminate\Foundation\Http\Middleware\CheckForMaintenanceMode->handle(Object(Illuminate\Http\Request), Object(Closure))
#11 /var/www/Starcraft_2_micro_trainer/vendor/laravel/framework/src/Illuminate/Pipeline/Pipeline.php(124): call_user_func_array(Array, Array)
#12 [internal function]: Illuminate\Pipeline\Pipeline->Illuminate\Pipeline\{closure}(Object(Illuminate\Http\Request))
#13 /var/www/Starcraft_2_micro_trainer/vendor/laravel/framework/src/Illuminate/Pipeline/Pipeline.php(103): call_user_func(Object(Closure), Object(Illuminate\Http\Request))
#14 /var/www/Starcraft_2_micro_trainer/vendor/laravel/framework/src/Illuminate/Foundation/Http/Kernel.php(122): Illuminate\Pipeline\Pipeline->then(Object(Closure))
#15 /var/www/Starcraft_2_micro_trainer/vendor/laravel/framework/src/Illuminate/Foundation/Http/Kernel.php(87): Illuminate\Foundation\Http\Kernel->sendRequestThroughRouter(Object(Illuminate\Http\Request))
#16 /var/www/Starcraft_2_micro_trainer/public/index.php(54): Illuminate\Foundation\Http\Kernel->handle(Object(Illuminate\Http\Request))
#17 {main}  
[2015-11-19 03:06:33] production.ERROR: exception 'RuntimeException' with message 'No supported encrypter found. The cipher and / or key length are invalid.' in /var/www/Starcraft_2_micro_trainer/vendor/laravel/framework/src/Illuminate/Encryption/EncryptionServiceProvider.php:29
Stack trace:
#0 /var/www/Starcraft_2_micro_trainer/vendor/laravel/framework/src/Illuminate/Container/Container.php(734): Illuminate\Encryption\EncryptionServiceProvider->Illuminate\Encryption\{closure}(Object(Illuminate\Foundation\Application), Array)
#1 /var/www/Starcraft_2_micro_trainer/vendor/laravel/framework/src/Illuminate/Container/Container.php(627): Illuminate\Container\Container->build(Object(Closure), Array)
#2 /var/www/Starcraft_2_micro_trainer/vendor/laravel/framework/src/Illuminate/Foundation/Application.php(674): Illuminate\Container\Container->make('encrypter', Array)
#3 /var/www/Starcraft_2_micro_trainer/vendor/laravel/framework/src/Illuminate/Container/Container.php(838): Illuminate\Foundation\Application->make('Illuminate\\Cont...')
#4 /var/www/Starcraft_2_micro_trainer/vendor/laravel/framework/src/Illuminate/Container/Container.php(801): Illuminate\Container\Container->resolveClass(Object(ReflectionParameter))
#5 /var/www/Starcraft_2_micro_trainer/vendor/laravel/framework/src/Illuminate/Container/Container.php(772): Illuminate\Container\Container->getDependencies(Array, Array)
#6 /var/www/Starcraft_2_micro_trainer/vendor/laravel/framework/src/Illuminate/Container/Container.php(627): Illuminate\Container\Container->build('App\\Http\\Middle...', Array)
#7 /var/www/Starcraft_2_micro_trainer/vendor/laravel/framework/src/Illuminate/Foundation/Application.php(674): Illuminate\Container\Container->make('App\\Http\\Middle...', Array)
#8 /var/www/Starcraft_2_micro_trainer/vendor/laravel/framework/src/Illuminate/Foundation/Http/Kernel.php(142): Illuminate\Foundation\Application->make('App\\Http\\Middle...')
#9 /var/www/Starcraft_2_micro_trainer/public/index.php(58): Illuminate\Foundation\Http\Kernel->terminate(Object(Illuminate\Http\Request), Object(Illuminate\Http\Response))
#10 {main}  
[2015-11-19 03:06:34] production.ERROR: exception 'RuntimeException' with message 'No supported encrypter found. The cipher and / or key length are invalid.' in /var/www/Starcraft_2_micro_trainer/vendor/laravel/framework/src/Illuminate/Encryption/EncryptionServiceProvider.php:29
Stack trace:
#0 /var/www/Starcraft_2_micro_trainer/vendor/laravel/framework/src/Illuminate/Container/Container.php(734): Illuminate\Encryption\EncryptionServiceProvider->Illuminate\Encryption\{closure}(Object(Illuminate\Foundation\Application), Array)
#1 /var/www/Starcraft_2_micro_trainer/vendor/laravel/framework/src/Illuminate/Container/Container.php(627): Illuminate\Container\Container->build(Object(Closure), Array)
#2 /var/www/Starcraft_2_micro_trainer/vendor/laravel/framework/src/Illuminate/Foundation/Application.php(674): Illuminate\Container\Container->make('encrypter', Array)
#3 /var/www/Starcraft_2_micro_trainer/vendor/laravel/framework/src/Illuminate/Container/Container.php(838): Illuminate\Foundation\Application->make('Illuminate\\Cont...')
#4 /var/www/Starcraft_2_micro_trainer/vendor/laravel/framework/src/Illuminate/Container/Container.php(801): Illuminate\Container\Container->resolveClass(Object(ReflectionParameter))
#5 /var/www/Starcraft_2_micro_trainer/vendor/laravel/framework/src/Illuminate/Container/Container.php(772): Illuminate\Container\Container->getDependencies(Array, Array)
#6 /var/www/Starcraft_2_micro_trainer/vendor/laravel/framework/src/Illuminate/Container/Container.php(627): Illuminate\Container\Container->build('App\\Http\\Middle...', Array)
#7 /var/www/Starcraft_2_micro_trainer/vendor/laravel/framework/src/Illuminate/Foundation/Application.php(674): Illuminate\Container\Container->make('App\\Http\\Middle...', Array)
#8 /var/www/Starcraft_2_micro_trainer/vendor/laravel/framework/src/Illuminate/Pipeline/Pipeline.php(123): Illuminate\Foundation\Application->make('App\\Http\\Middle...')
#9 /var/www/Starcraft_2_micro_trainer/vendor/laravel/framework/src/Illuminate/Foundation/Http/Middleware/CheckForMaintenanceMode.php(42): Illuminate\Pipeline\Pipeline->Illuminate\Pipeline\{closure}(Object(Illuminate\Http\Request))
#10 [internal function]: Illuminate\Foundation\Http\Middleware\CheckForMaintenanceMode->handle(Object(Illuminate\Http\Request), Object(Closure))
#11 /var/www/Starcraft_2_micro_trainer/vendor/laravel/framework/src/Illuminate/Pipeline/Pipeline.php(124): call_user_func_array(Array, Array)
#12 [internal function]: Illuminate\Pipeline\Pipeline->Illuminate\Pipeline\{closure}(Object(Illuminate\Http\Request))
#13 /var/www/Starcraft_2_micro_trainer/vendor/laravel/framework/src/Illuminate/Pipeline/Pipeline.php(103): call_user_func(Object(Closure), Object(Illuminate\Http\Request))
#14 /var/www/Starcraft_2_micro_trainer/vendor/laravel/framework/src/Illuminate/Foundation/Http/Kernel.php(122): Illuminate\Pipeline\Pipeline->then(Object(Closure))
#15 /var/www/Starcraft_2_micro_trainer/vendor/laravel/framework/src/Illuminate/Foundation/Http/Kernel.php(87): Illuminate\Foundation\Http\Kernel->sendRequestThroughRouter(Object(Illuminate\Http\Request))
#16 /var/www/Starcraft_2_micro_trainer/public/index.php(54): Illuminate\Foundation\Http\Kernel->handle(Object(Illuminate\Http\Request))
#17 {main}  
[2015-11-19 03:06:34] production.ERROR: exception 'RuntimeException' with message 'No supported encrypter found. The cipher and / or key length are invalid.' in /var/www/Starcraft_2_micro_trainer/vendor/laravel/framework/src/Illuminate/Encryption/EncryptionServiceProvider.php:29
Stack trace:
#0 /var/www/Starcraft_2_micro_trainer/vendor/laravel/framework/src/Illuminate/Container/Container.php(734): Illuminate\Encryption\EncryptionServiceProvider->Illuminate\Encryption\{closure}(Object(Illuminate\Foundation\Application), Array)
#1 /var/www/Starcraft_2_micro_trainer/vendor/laravel/framework/src/Illuminate/Container/Container.php(627): Illuminate\Container\Container->build(Object(Closure), Array)
#2 /var/www/Starcraft_2_micro_trainer/vendor/laravel/framework/src/Illuminate/Foundation/Application.php(674): Illuminate\Container\Container->make('encrypter', Array)
#3 /var/www/Starcraft_2_micro_trainer/vendor/laravel/framework/src/Illuminate/Container/Container.php(838): Illuminate\Foundation\Application->make('Illuminate\\Cont...')
#4 /var/www/Starcraft_2_micro_trainer/vendor/laravel/framework/src/Illuminate/Container/Container.php(801): Illuminate\Container\Container->resolveClass(Object(ReflectionParameter))
#5 /var/www/Starcraft_2_micro_trainer/vendor/laravel/framework/src/Illuminate/Container/Container.php(772): Illuminate\Container\Container->getDependencies(Array, Array)
#6 /var/www/Starcraft_2_micro_trainer/vendor/laravel/framework/src/Illuminate/Container/Container.php(627): Illuminate\Container\Container->build('App\\Http\\Middle...', Array)
#7 /var/www/Starcraft_2_micro_trainer/vendor/laravel/framework/src/Illuminate/Foundation/Application.php(674): Illuminate\Container\Container->make('App\\Http\\Middle...', Array)
#8 /var/www/Starcraft_2_micro_trainer/vendor/laravel/framework/src/Illuminate/Foundation/Http/Kernel.php(142): Illuminate\Foundation\Application->make('App\\Http\\Middle...')
#9 /var/www/Starcraft_2_micro_trainer/public/index.php(58): Illuminate\Foundation\Http\Kernel->terminate(Object(Illuminate\Http\Request), Object(Illuminate\Http\Response))
#10 {main}  
[2015-11-19 03:06:52] production.ERROR: exception 'RuntimeException' with message 'No supported encrypter found. The cipher and / or key length are invalid.' in /var/www/Starcraft_2_micro_trainer/vendor/laravel/framework/src/Illuminate/Encryption/EncryptionServiceProvider.php:29
Stack trace:
#0 /var/www/Starcraft_2_micro_trainer/vendor/laravel/framework/src/Illuminate/Container/Container.php(734): Illuminate\Encryption\EncryptionServiceProvider->Illuminate\Encryption\{closure}(Object(Illuminate\Foundation\Application), Array)
#1 /var/www/Starcraft_2_micro_trainer/vendor/laravel/framework/src/Illuminate/Container/Container.php(627): Illuminate\Container\Container->build(Object(Closure), Array)
#2 /var/www/Starcraft_2_micro_trainer/vendor/laravel/framework/src/Illuminate/Foundation/Application.php(674): Illuminate\Container\Container->make('encrypter', Array)
#3 /var/www/Starcraft_2_micro_trainer/vendor/laravel/framework/src/Illuminate/Container/Container.php(838): Illuminate\Foundation\Application->make('Illuminate\\Cont...')
#4 /var/www/Starcraft_2_micro_trainer/vendor/laravel/framework/src/Illuminate/Container/Container.php(801): Illuminate\Container\Container->resolveClass(Object(ReflectionParameter))
#5 /var/www/Starcraft_2_micro_trainer/vendor/laravel/framework/src/Illuminate/Container/Container.php(772): Illuminate\Container\Container->getDependencies(Array, Array)
#6 /var/www/Starcraft_2_micro_trainer/vendor/laravel/framework/src/Illuminate/Container/Container.php(627): Illuminate\Container\Container->build('App\\Http\\Middle...', Array)
#7 /var/www/Starcraft_2_micro_trainer/vendor/laravel/framework/src/Illuminate/Foundation/Application.php(674): Illuminate\Container\Container->make('App\\Http\\Middle...', Array)
#8 /var/www/Starcraft_2_micro_trainer/vendor/laravel/framework/src/Illuminate/Pipeline/Pipeline.php(123): Illuminate\Foundation\Application->make('App\\Http\\Middle...')
#9 /var/www/Starcraft_2_micro_trainer/vendor/laravel/framework/src/Illuminate/Foundation/Http/Middleware/CheckForMaintenanceMode.php(42): Illuminate\Pipeline\Pipeline->Illuminate\Pipeline\{closure}(Object(Illuminate\Http\Request))
#10 [internal function]: Illuminate\Foundation\Http\Middleware\CheckForMaintenanceMode->handle(Object(Illuminate\Http\Request), Object(Closure))
#11 /var/www/Starcraft_2_micro_trainer/vendor/laravel/framework/src/Illuminate/Pipeline/Pipeline.php(124): call_user_func_array(Array, Array)
#12 [internal function]: Illuminate\Pipeline\Pipeline->Illuminate\Pipeline\{closure}(Object(Illuminate\Http\Request))
#13 /var/www/Starcraft_2_micro_trainer/vendor/laravel/framework/src/Illuminate/Pipeline/Pipeline.php(103): call_user_func(Object(Closure), Object(Illuminate\Http\Request))
#14 /var/www/Starcraft_2_micro_trainer/vendor/laravel/framework/src/Illuminate/Foundation/Http/Kernel.php(122): Illuminate\Pipeline\Pipeline->then(Object(Closure))
#15 /var/www/Starcraft_2_micro_trainer/vendor/laravel/framework/src/Illuminate/Foundation/Http/Kernel.php(87): Illuminate\Foundation\Http\Kernel->sendRequestThroughRouter(Object(Illuminate\Http\Request))
#16 /var/www/Starcraft_2_micro_trainer/public/index.php(54): Illuminate\Foundation\Http\Kernel->handle(Object(Illuminate\Http\Request))
#17 {main}  
[2015-11-19 03:06:52] production.ERROR: exception 'RuntimeException' with message 'No supported encrypter found. The cipher and / or key length are invalid.' in /var/www/Starcraft_2_micro_trainer/vendor/laravel/framework/src/Illuminate/Encryption/EncryptionServiceProvider.php:29
Stack trace:
#0 /var/www/Starcraft_2_micro_trainer/vendor/laravel/framework/src/Illuminate/Container/Container.php(734): Illuminate\Encryption\EncryptionServiceProvider->Illuminate\Encryption\{closure}(Object(Illuminate\Foundation\Application), Array)
#1 /var/www/Starcraft_2_micro_trainer/vendor/laravel/framework/src/Illuminate/Container/Container.php(627): Illuminate\Container\Container->build(Object(Closure), Array)
#2 /var/www/Starcraft_2_micro_trainer/vendor/laravel/framework/src/Illuminate/Foundation/Application.php(674): Illuminate\Container\Container->make('encrypter', Array)
#3 /var/www/Starcraft_2_micro_trainer/vendor/laravel/framework/src/Illuminate/Container/Container.php(838): Illuminate\Foundation\Application->make('Illuminate\\Cont...')
#4 /var/www/Starcraft_2_micro_trainer/vendor/laravel/framework/src/Illuminate/Container/Container.php(801): Illuminate\Container\Container->resolveClass(Object(ReflectionParameter))
#5 /var/www/Starcraft_2_micro_trainer/vendor/laravel/framework/src/Illuminate/Container/Container.php(772): Illuminate\Container\Container->getDependencies(Array, Array)
#6 /var/www/Starcraft_2_micro_trainer/vendor/laravel/framework/src/Illuminate/Container/Container.php(627): Illuminate\Container\Container->build('App\\Http\\Middle...', Array)
#7 /var/www/Starcraft_2_micro_trainer/vendor/laravel/framework/src/Illuminate/Foundation/Application.php(674): Illuminate\Container\Container->make('App\\Http\\Middle...', Array)
#8 /var/www/Starcraft_2_micro_trainer/vendor/laravel/framework/src/Illuminate/Foundation/Http/Kernel.php(142): Illuminate\Foundation\Application->make('App\\Http\\Middle...')
#9 /var/www/Starcraft_2_micro_trainer/public/index.php(58): Illuminate\Foundation\Http\Kernel->terminate(Object(Illuminate\Http\Request), Object(Illuminate\Http\Response))
#10 {main}  
[2015-11-19 03:07:36] production.ERROR: exception 'RuntimeException' with message 'No supported encrypter found. The cipher and / or key length are invalid.' in /var/www/Starcraft_2_micro_trainer/vendor/laravel/framework/src/Illuminate/Encryption/EncryptionServiceProvider.php:29
Stack trace:
#0 /var/www/Starcraft_2_micro_trainer/vendor/laravel/framework/src/Illuminate/Container/Container.php(734): Illuminate\Encryption\EncryptionServiceProvider->Illuminate\Encryption\{closure}(Object(Illuminate\Foundation\Application), Array)
#1 /var/www/Starcraft_2_micro_trainer/vendor/laravel/framework/src/Illuminate/Container/Container.php(627): Illuminate\Container\Container->build(Object(Closure), Array)
#2 /var/www/Starcraft_2_micro_trainer/vendor/laravel/framework/src/Illuminate/Foundation/Application.php(674): Illuminate\Container\Container->make('encrypter', Array)
#3 /var/www/Starcraft_2_micro_trainer/vendor/laravel/framework/src/Illuminate/Container/Container.php(838): Illuminate\Foundation\Application->make('Illuminate\\Cont...')
#4 /var/www/Starcraft_2_micro_trainer/vendor/laravel/framework/src/Illuminate/Container/Container.php(801): Illuminate\Container\Container->resolveClass(Object(ReflectionParameter))
#5 /var/www/Starcraft_2_micro_trainer/vendor/laravel/framework/src/Illuminate/Container/Container.php(772): Illuminate\Container\Container->getDependencies(Array, Array)
#6 /var/www/Starcraft_2_micro_trainer/vendor/laravel/framework/src/Illuminate/Container/Container.php(627): Illuminate\Container\Container->build('App\\Http\\Middle...', Array)
#7 /var/www/Starcraft_2_micro_trainer/vendor/laravel/framework/src/Illuminate/Foundation/Application.php(674): Illuminate\Container\Container->make('App\\Http\\Middle...', Array)
#8 /var/www/Starcraft_2_micro_trainer/vendor/laravel/framework/src/Illuminate/Pipeline/Pipeline.php(123): Illuminate\Foundation\Application->make('App\\Http\\Middle...')
#9 /var/www/Starcraft_2_micro_trainer/vendor/laravel/framework/src/Illuminate/Foundation/Http/Middleware/CheckForMaintenanceMode.php(42): Illuminate\Pipeline\Pipeline->Illuminate\Pipeline\{closure}(Object(Illuminate\Http\Request))
#10 [internal function]: Illuminate\Foundation\Http\Middleware\CheckForMaintenanceMode->handle(Object(Illuminate\Http\Request), Object(Closure))
#11 /var/www/Starcraft_2_micro_trainer/vendor/laravel/framework/src/Illuminate/Pipeline/Pipeline.php(124): call_user_func_array(Array, Array)
#12 [internal function]: Illuminate\Pipeline\Pipeline->Illuminate\Pipeline\{closure}(Object(Illuminate\Http\Request))
#13 /var/www/Starcraft_2_micro_trainer/vendor/laravel/framework/src/Illuminate/Pipeline/Pipeline.php(103): call_user_func(Object(Closure), Object(Illuminate\Http\Request))
#14 /var/www/Starcraft_2_micro_trainer/vendor/laravel/framework/src/Illuminate/Foundation/Http/Kernel.php(122): Illuminate\Pipeline\Pipeline->then(Object(Closure))
#15 /var/www/Starcraft_2_micro_trainer/vendor/laravel/framework/src/Illuminate/Foundation/Http/Kernel.php(87): Illuminate\Foundation\Http\Kernel->sendRequestThroughRouter(Object(Illuminate\Http\Request))
#16 /var/www/Starcraft_2_micro_trainer/public/index.php(54): Illuminate\Foundation\Http\Kernel->handle(Object(Illuminate\Http\Request))
#17 {main}  
[2015-11-19 03:07:36] production.ERROR: exception 'RuntimeException' with message 'No supported encrypter found. The cipher and / or key length are invalid.' in /var/www/Starcraft_2_micro_trainer/vendor/laravel/framework/src/Illuminate/Encryption/EncryptionServiceProvider.php:29
Stack trace:
#0 /var/www/Starcraft_2_micro_trainer/vendor/laravel/framework/src/Illuminate/Container/Container.php(734): Illuminate\Encryption\EncryptionServiceProvider->Illuminate\Encryption\{closure}(Object(Illuminate\Foundation\Application), Array)
#1 /var/www/Starcraft_2_micro_trainer/vendor/laravel/framework/src/Illuminate/Container/Container.php(627): Illuminate\Container\Container->build(Object(Closure), Array)
#2 /var/www/Starcraft_2_micro_trainer/vendor/laravel/framework/src/Illuminate/Foundation/Application.php(674): Illuminate\Container\Container->make('encrypter', Array)
#3 /var/www/Starcraft_2_micro_trainer/vendor/laravel/framework/src/Illuminate/Container/Container.php(838): Illuminate\Foundation\Application->make('Illuminate\\Cont...')
#4 /var/www/Starcraft_2_micro_trainer/vendor/laravel/framework/src/Illuminate/Container/Container.php(801): Illuminate\Container\Container->resolveClass(Object(ReflectionParameter))
#5 /var/www/Starcraft_2_micro_trainer/vendor/laravel/framework/src/Illuminate/Container/Container.php(772): Illuminate\Container\Container->getDependencies(Array, Array)
#6 /var/www/Starcraft_2_micro_trainer/vendor/laravel/framework/src/Illuminate/Container/Container.php(627): Illuminate\Container\Container->build('App\\Http\\Middle...', Array)
#7 /var/www/Starcraft_2_micro_trainer/vendor/laravel/framework/src/Illuminate/Foundation/Application.php(674): Illuminate\Container\Container->make('App\\Http\\Middle...', Array)
#8 /var/www/Starcraft_2_micro_trainer/vendor/laravel/framework/src/Illuminate/Foundation/Http/Kernel.php(142): Illuminate\Foundation\Application->make('App\\Http\\Middle...')
#9 /var/www/Starcraft_2_micro_trainer/public/index.php(58): Illuminate\Foundation\Http\Kernel->terminate(Object(Illuminate\Http\Request), Object(Illuminate\Http\Response))
#10 {main}  
[2015-11-19 03:21:58] production.ERROR: exception 'RuntimeException' with message 'No supported encrypter found. The cipher and / or key length are invalid.' in /var/www/Starcraft_2_micro_trainer/vendor/laravel/framework/src/Illuminate/Encryption/EncryptionServiceProvider.php:29
Stack trace:
#0 /var/www/Starcraft_2_micro_trainer/vendor/laravel/framework/src/Illuminate/Container/Container.php(734): Illuminate\Encryption\EncryptionServiceProvider->Illuminate\Encryption\{closure}(Object(Illuminate\Foundation\Application), Array)
#1 /var/www/Starcraft_2_micro_trainer/vendor/laravel/framework/src/Illuminate/Container/Container.php(627): Illuminate\Container\Container->build(Object(Closure), Array)
#2 /var/www/Starcraft_2_micro_trainer/vendor/laravel/framework/src/Illuminate/Foundation/Application.php(674): Illuminate\Container\Container->make('encrypter', Array)
#3 /var/www/Starcraft_2_micro_trainer/vendor/laravel/framework/src/Illuminate/Container/Container.php(838): Illuminate\Foundation\Application->make('Illuminate\\Cont...')
#4 /var/www/Starcraft_2_micro_trainer/vendor/laravel/framework/src/Illuminate/Container/Container.php(801): Illuminate\Container\Container->resolveClass(Object(ReflectionParameter))
#5 /var/www/Starcraft_2_micro_trainer/vendor/laravel/framework/src/Illuminate/Container/Container.php(772): Illuminate\Container\Container->getDependencies(Array, Array)
#6 /var/www/Starcraft_2_micro_trainer/vendor/laravel/framework/src/Illuminate/Container/Container.php(627): Illuminate\Container\Container->build('App\\Http\\Middle...', Array)
#7 /var/www/Starcraft_2_micro_trainer/vendor/laravel/framework/src/Illuminate/Foundation/Application.php(674): Illuminate\Container\Container->make('App\\Http\\Middle...', Array)
#8 /var/www/Starcraft_2_micro_trainer/vendor/laravel/framework/src/Illuminate/Pipeline/Pipeline.php(123): Illuminate\Foundation\Application->make('App\\Http\\Middle...')
#9 /var/www/Starcraft_2_micro_trainer/vendor/laravel/framework/src/Illuminate/Foundation/Http/Middleware/CheckForMaintenanceMode.php(42): Illuminate\Pipeline\Pipeline->Illuminate\Pipeline\{closure}(Object(Illuminate\Http\Request))
#10 [internal function]: Illuminate\Foundation\Http\Middleware\CheckForMaintenanceMode->handle(Object(Illuminate\Http\Request), Object(Closure))
#11 /var/www/Starcraft_2_micro_trainer/vendor/laravel/framework/src/Illuminate/Pipeline/Pipeline.php(124): call_user_func_array(Array, Array)
#12 [internal function]: Illuminate\Pipeline\Pipeline->Illuminate\Pipeline\{closure}(Object(Illuminate\Http\Request))
#13 /var/www/Starcraft_2_micro_trainer/vendor/laravel/framework/src/Illuminate/Pipeline/Pipeline.php(103): call_user_func(Object(Closure), Object(Illuminate\Http\Request))
#14 /var/www/Starcraft_2_micro_trainer/vendor/laravel/framework/src/Illuminate/Foundation/Http/Kernel.php(122): Illuminate\Pipeline\Pipeline->then(Object(Closure))
#15 /var/www/Starcraft_2_micro_trainer/vendor/laravel/framework/src/Illuminate/Foundation/Http/Kernel.php(87): Illuminate\Foundation\Http\Kernel->sendRequestThroughRouter(Object(Illuminate\Http\Request))
#16 /var/www/Starcraft_2_micro_trainer/public/index.php(54): Illuminate\Foundation\Http\Kernel->handle(Object(Illuminate\Http\Request))
#17 {main}  
[2015-11-19 03:21:58] production.ERROR: exception 'RuntimeException' with message 'No supported encrypter found. The cipher and / or key length are invalid.' in /var/www/Starcraft_2_micro_trainer/vendor/laravel/framework/src/Illuminate/Encryption/EncryptionServiceProvider.php:29
Stack trace:
#0 /var/www/Starcraft_2_micro_trainer/vendor/laravel/framework/src/Illuminate/Container/Container.php(734): Illuminate\Encryption\EncryptionServiceProvider->Illuminate\Encryption\{closure}(Object(Illuminate\Foundation\Application), Array)
#1 /var/www/Starcraft_2_micro_trainer/vendor/laravel/framework/src/Illuminate/Container/Container.php(627): Illuminate\Container\Container->build(Object(Closure), Array)
#2 /var/www/Starcraft_2_micro_trainer/vendor/laravel/framework/src/Illuminate/Foundation/Application.php(674): Illuminate\Container\Container->make('encrypter', Array)
#3 /var/www/Starcraft_2_micro_trainer/vendor/laravel/framework/src/Illuminate/Container/Container.php(838): Illuminate\Foundation\Application->make('Illuminate\\Cont...')
#4 /var/www/Starcraft_2_micro_trainer/vendor/laravel/framework/src/Illuminate/Container/Container.php(801): Illuminate\Container\Container->resolveClass(Object(ReflectionParameter))
#5 /var/www/Starcraft_2_micro_trainer/vendor/laravel/framework/src/Illuminate/Container/Container.php(772): Illuminate\Container\Container->getDependencies(Array, Array)
#6 /var/www/Starcraft_2_micro_trainer/vendor/laravel/framework/src/Illuminate/Container/Container.php(627): Illuminate\Container\Container->build('App\\Http\\Middle...', Array)
#7 /var/www/Starcraft_2_micro_trainer/vendor/laravel/framework/src/Illuminate/Foundation/Application.php(674): Illuminate\Container\Container->make('App\\Http\\Middle...', Array)
#8 /var/www/Starcraft_2_micro_trainer/vendor/laravel/framework/src/Illuminate/Foundation/Http/Kernel.php(142): Illuminate\Foundation\Application->make('App\\Http\\Middle...')
#9 /var/www/Starcraft_2_micro_trainer/public/index.php(58): Illuminate\Foundation\Http\Kernel->terminate(Object(Illuminate\Http\Request), Object(Illuminate\Http\Response))
#10 {main}  
[2015-11-19 03:23:34] production.ERROR: exception 'RuntimeException' with message 'No supported encrypter found. The cipher and / or key length are invalid.' in /var/www/Starcraft_2_micro_trainer/vendor/laravel/framework/src/Illuminate/Encryption/EncryptionServiceProvider.php:29
Stack trace:
#0 /var/www/Starcraft_2_micro_trainer/vendor/laravel/framework/src/Illuminate/Container/Container.php(734): Illuminate\Encryption\EncryptionServiceProvider->Illuminate\Encryption\{closure}(Object(Illuminate\Foundation\Application), Array)
#1 /var/www/Starcraft_2_micro_trainer/vendor/laravel/framework/src/Illuminate/Container/Container.php(627): Illuminate\Container\Container->build(Object(Closure), Array)
#2 /var/www/Starcraft_2_micro_trainer/vendor/laravel/framework/src/Illuminate/Foundation/Application.php(674): Illuminate\Container\Container->make('encrypter', Array)
#3 /var/www/Starcraft_2_micro_trainer/vendor/laravel/framework/src/Illuminate/Container/Container.php(838): Illuminate\Foundation\Application->make('Illuminate\\Cont...')
#4 /var/www/Starcraft_2_micro_trainer/vendor/laravel/framework/src/Illuminate/Container/Container.php(801): Illuminate\Container\Container->resolveClass(Object(ReflectionParameter))
#5 /var/www/Starcraft_2_micro_trainer/vendor/laravel/framework/src/Illuminate/Container/Container.php(772): Illuminate\Container\Container->getDependencies(Array, Array)
#6 /var/www/Starcraft_2_micro_trainer/vendor/laravel/framework/src/Illuminate/Container/Container.php(627): Illuminate\Container\Container->build('App\\Http\\Middle...', Array)
#7 /var/www/Starcraft_2_micro_trainer/vendor/laravel/framework/src/Illuminate/Foundation/Application.php(674): Illuminate\Container\Container->make('App\\Http\\Middle...', Array)
#8 /var/www/Starcraft_2_micro_trainer/vendor/laravel/framework/src/Illuminate/Pipeline/Pipeline.php(123): Illuminate\Foundation\Application->make('App\\Http\\Middle...')
#9 /var/www/Starcraft_2_micro_trainer/vendor/laravel/framework/src/Illuminate/Foundation/Http/Middleware/CheckForMaintenanceMode.php(42): Illuminate\Pipeline\Pipeline->Illuminate\Pipeline\{closure}(Object(Illuminate\Http\Request))
#10 [internal function]: Illuminate\Foundation\Http\Middleware\CheckForMaintenanceMode->handle(Object(Illuminate\Http\Request), Object(Closure))
#11 /var/www/Starcraft_2_micro_trainer/vendor/laravel/framework/src/Illuminate/Pipeline/Pipeline.php(124): call_user_func_array(Array, Array)
#12 [internal function]: Illuminate\Pipeline\Pipeline->Illuminate\Pipeline\{closure}(Object(Illuminate\Http\Request))
#13 /var/www/Starcraft_2_micro_trainer/vendor/laravel/framework/src/Illuminate/Pipeline/Pipeline.php(103): call_user_func(Object(Closure), Object(Illuminate\Http\Request))
#14 /var/www/Starcraft_2_micro_trainer/vendor/laravel/framework/src/Illuminate/Foundation/Http/Kernel.php(122): Illuminate\Pipeline\Pipeline->then(Object(Closure))
#15 /var/www/Starcraft_2_micro_trainer/vendor/laravel/framework/src/Illuminate/Foundation/Http/Kernel.php(87): Illuminate\Foundation\Http\Kernel->sendRequestThroughRouter(Object(Illuminate\Http\Request))
#16 /var/www/Starcraft_2_micro_trainer/public/index.php(54): Illuminate\Foundation\Http\Kernel->handle(Object(Illuminate\Http\Request))
#17 {main}  
[2015-11-19 03:23:34] production.ERROR: exception 'RuntimeException' with message 'No supported encrypter found. The cipher and / or key length are invalid.' in /var/www/Starcraft_2_micro_trainer/vendor/laravel/framework/src/Illuminate/Encryption/EncryptionServiceProvider.php:29
Stack trace:
#0 /var/www/Starcraft_2_micro_trainer/vendor/laravel/framework/src/Illuminate/Container/Container.php(734): Illuminate\Encryption\EncryptionServiceProvider->Illuminate\Encryption\{closure}(Object(Illuminate\Foundation\Application), Array)
#1 /var/www/Starcraft_2_micro_trainer/vendor/laravel/framework/src/Illuminate/Container/Container.php(627): Illuminate\Container\Container->build(Object(Closure), Array)
#2 /var/www/Starcraft_2_micro_trainer/vendor/laravel/framework/src/Illuminate/Foundation/Application.php(674): Illuminate\Container\Container->make('encrypter', Array)
#3 /var/www/Starcraft_2_micro_trainer/vendor/laravel/framework/src/Illuminate/Container/Container.php(838): Illuminate\Foundation\Application->make('Illuminate\\Cont...')
#4 /var/www/Starcraft_2_micro_trainer/vendor/laravel/framework/src/Illuminate/Container/Container.php(801): Illuminate\Container\Container->resolveClass(Object(ReflectionParameter))
#5 /var/www/Starcraft_2_micro_trainer/vendor/laravel/framework/src/Illuminate/Container/Container.php(772): Illuminate\Container\Container->getDependencies(Array, Array)
#6 /var/www/Starcraft_2_micro_trainer/vendor/laravel/framework/src/Illuminate/Container/Container.php(627): Illuminate\Container\Container->build('App\\Http\\Middle...', Array)
#7 /var/www/Starcraft_2_micro_trainer/vendor/laravel/framework/src/Illuminate/Foundation/Application.php(674): Illuminate\Container\Container->make('App\\Http\\Middle...', Array)
#8 /var/www/Starcraft_2_micro_trainer/vendor/laravel/framework/src/Illuminate/Foundation/Http/Kernel.php(142): Illuminate\Foundation\Application->make('App\\Http\\Middle...')
#9 /var/www/Starcraft_2_micro_trainer/public/index.php(58): Illuminate\Foundation\Http\Kernel->terminate(Object(Illuminate\Http\Request), Object(Illuminate\Http\Response))
#10 {main}  
[2015-11-19 03:24:15] production.ERROR: exception 'RuntimeException' with message 'No supported encrypter found. The cipher and / or key length are invalid.' in /var/www/Starcraft_2_micro_trainer/vendor/laravel/framework/src/Illuminate/Encryption/EncryptionServiceProvider.php:29
Stack trace:
#0 /var/www/Starcraft_2_micro_trainer/vendor/laravel/framework/src/Illuminate/Container/Container.php(734): Illuminate\Encryption\EncryptionServiceProvider->Illuminate\Encryption\{closure}(Object(Illuminate\Foundation\Application), Array)
#1 /var/www/Starcraft_2_micro_trainer/vendor/laravel/framework/src/Illuminate/Container/Container.php(627): Illuminate\Container\Container->build(Object(Closure), Array)
#2 /var/www/Starcraft_2_micro_trainer/vendor/laravel/framework/src/Illuminate/Foundation/Application.php(674): Illuminate\Container\Container->make('encrypter', Array)
#3 /var/www/Starcraft_2_micro_trainer/vendor/laravel/framework/src/Illuminate/Container/Container.php(838): Illuminate\Foundation\Application->make('Illuminate\\Cont...')
#4 /var/www/Starcraft_2_micro_trainer/vendor/laravel/framework/src/Illuminate/Container/Container.php(801): Illuminate\Container\Container->resolveClass(Object(ReflectionParameter))
#5 /var/www/Starcraft_2_micro_trainer/vendor/laravel/framework/src/Illuminate/Container/Container.php(772): Illuminate\Container\Container->getDependencies(Array, Array)
#6 /var/www/Starcraft_2_micro_trainer/vendor/laravel/framework/src/Illuminate/Container/Container.php(627): Illuminate\Container\Container->build('App\\Http\\Middle...', Array)
#7 /var/www/Starcraft_2_micro_trainer/vendor/laravel/framework/src/Illuminate/Foundation/Application.php(674): Illuminate\Container\Container->make('App\\Http\\Middle...', Array)
#8 /var/www/Starcraft_2_micro_trainer/vendor/laravel/framework/src/Illuminate/Pipeline/Pipeline.php(123): Illuminate\Foundation\Application->make('App\\Http\\Middle...')
#9 /var/www/Starcraft_2_micro_trainer/vendor/laravel/framework/src/Illuminate/Foundation/Http/Middleware/CheckForMaintenanceMode.php(42): Illuminate\Pipeline\Pipeline->Illuminate\Pipeline\{closure}(Object(Illuminate\Http\Request))
#10 [internal function]: Illuminate\Foundation\Http\Middleware\CheckForMaintenanceMode->handle(Object(Illuminate\Http\Request), Object(Closure))
#11 /var/www/Starcraft_2_micro_trainer/vendor/laravel/framework/src/Illuminate/Pipeline/Pipeline.php(124): call_user_func_array(Array, Array)
#12 [internal function]: Illuminate\Pipeline\Pipeline->Illuminate\Pipeline\{closure}(Object(Illuminate\Http\Request))
#13 /var/www/Starcraft_2_micro_trainer/vendor/laravel/framework/src/Illuminate/Pipeline/Pipeline.php(103): call_user_func(Object(Closure), Object(Illuminate\Http\Request))
#14 /var/www/Starcraft_2_micro_trainer/vendor/laravel/framework/src/Illuminate/Foundation/Http/Kernel.php(122): Illuminate\Pipeline\Pipeline->then(Object(Closure))
#15 /var/www/Starcraft_2_micro_trainer/vendor/laravel/framework/src/Illuminate/Foundation/Http/Kernel.php(87): Illuminate\Foundation\Http\Kernel->sendRequestThroughRouter(Object(Illuminate\Http\Request))
#16 /var/www/Starcraft_2_micro_trainer/public/index.php(54): Illuminate\Foundation\Http\Kernel->handle(Object(Illuminate\Http\Request))
#17 {main}  
[2015-11-19 03:24:15] production.ERROR: exception 'RuntimeException' with message 'No supported encrypter found. The cipher and / or key length are invalid.' in /var/www/Starcraft_2_micro_trainer/vendor/laravel/framework/src/Illuminate/Encryption/EncryptionServiceProvider.php:29
Stack trace:
#0 /var/www/Starcraft_2_micro_trainer/vendor/laravel/framework/src/Illuminate/Container/Container.php(734): Illuminate\Encryption\EncryptionServiceProvider->Illuminate\Encryption\{closure}(Object(Illuminate\Foundation\Application), Array)
#1 /var/www/Starcraft_2_micro_trainer/vendor/laravel/framework/src/Illuminate/Container/Container.php(627): Illuminate\Container\Container->build(Object(Closure), Array)
#2 /var/www/Starcraft_2_micro_trainer/vendor/laravel/framework/src/Illuminate/Foundation/Application.php(674): Illuminate\Container\Container->make('encrypter', Array)
#3 /var/www/Starcraft_2_micro_trainer/vendor/laravel/framework/src/Illuminate/Container/Container.php(838): Illuminate\Foundation\Application->make('Illuminate\\Cont...')
#4 /var/www/Starcraft_2_micro_trainer/vendor/laravel/framework/src/Illuminate/Container/Container.php(801): Illuminate\Container\Container->resolveClass(Object(ReflectionParameter))
#5 /var/www/Starcraft_2_micro_trainer/vendor/laravel/framework/src/Illuminate/Container/Container.php(772): Illuminate\Container\Container->getDependencies(Array, Array)
#6 /var/www/Starcraft_2_micro_trainer/vendor/laravel/framework/src/Illuminate/Container/Container.php(627): Illuminate\Container\Container->build('App\\Http\\Middle...', Array)
#7 /var/www/Starcraft_2_micro_trainer/vendor/laravel/framework/src/Illuminate/Foundation/Application.php(674): Illuminate\Container\Container->make('App\\Http\\Middle...', Array)
#8 /var/www/Starcraft_2_micro_trainer/vendor/laravel/framework/src/Illuminate/Foundation/Http/Kernel.php(142): Illuminate\Foundation\Application->make('App\\Http\\Middle...')
#9 /var/www/Starcraft_2_micro_trainer/public/index.php(58): Illuminate\Foundation\Http\Kernel->terminate(Object(Illuminate\Http\Request), Object(Illuminate\Http\Response))
#10 {main}  
[2015-11-19 03:26:18] production.ERROR: exception 'RuntimeException' with message 'No supported encrypter found. The cipher and / or key length are invalid.' in /var/www/Starcraft_2_micro_trainer/vendor/laravel/framework/src/Illuminate/Encryption/EncryptionServiceProvider.php:29
Stack trace:
#0 /var/www/Starcraft_2_micro_trainer/vendor/laravel/framework/src/Illuminate/Container/Container.php(734): Illuminate\Encryption\EncryptionServiceProvider->Illuminate\Encryption\{closure}(Object(Illuminate\Foundation\Application), Array)
#1 /var/www/Starcraft_2_micro_trainer/vendor/laravel/framework/src/Illuminate/Container/Container.php(627): Illuminate\Container\Container->build(Object(Closure), Array)
#2 /var/www/Starcraft_2_micro_trainer/vendor/laravel/framework/src/Illuminate/Foundation/Application.php(674): Illuminate\Container\Container->make('encrypter', Array)
#3 /var/www/Starcraft_2_micro_trainer/vendor/laravel/framework/src/Illuminate/Container/Container.php(838): Illuminate\Foundation\Application->make('Illuminate\\Cont...')
#4 /var/www/Starcraft_2_micro_trainer/vendor/laravel/framework/src/Illuminate/Container/Container.php(801): Illuminate\Container\Container->resolveClass(Object(ReflectionParameter))
#5 /var/www/Starcraft_2_micro_trainer/vendor/laravel/framework/src/Illuminate/Container/Container.php(772): Illuminate\Container\Container->getDependencies(Array, Array)
#6 /var/www/Starcraft_2_micro_trainer/vendor/laravel/framework/src/Illuminate/Container/Container.php(627): Illuminate\Container\Container->build('App\\Http\\Middle...', Array)
#7 /var/www/Starcraft_2_micro_trainer/vendor/laravel/framework/src/Illuminate/Foundation/Application.php(674): Illuminate\Container\Container->make('App\\Http\\Middle...', Array)
#8 /var/www/Starcraft_2_micro_trainer/vendor/laravel/framework/src/Illuminate/Pipeline/Pipeline.php(123): Illuminate\Foundation\Application->make('App\\Http\\Middle...')
#9 /var/www/Starcraft_2_micro_trainer/vendor/laravel/framework/src/Illuminate/Foundation/Http/Middleware/CheckForMaintenanceMode.php(42): Illuminate\Pipeline\Pipeline->Illuminate\Pipeline\{closure}(Object(Illuminate\Http\Request))
#10 [internal function]: Illuminate\Foundation\Http\Middleware\CheckForMaintenanceMode->handle(Object(Illuminate\Http\Request), Object(Closure))
#11 /var/www/Starcraft_2_micro_trainer/vendor/laravel/framework/src/Illuminate/Pipeline/Pipeline.php(124): call_user_func_array(Array, Array)
#12 [internal function]: Illuminate\Pipeline\Pipeline->Illuminate\Pipeline\{closure}(Object(Illuminate\Http\Request))
#13 /var/www/Starcraft_2_micro_trainer/vendor/laravel/framework/src/Illuminate/Pipeline/Pipeline.php(103): call_user_func(Object(Closure), Object(Illuminate\Http\Request))
#14 /var/www/Starcraft_2_micro_trainer/vendor/laravel/framework/src/Illuminate/Foundation/Http/Kernel.php(122): Illuminate\Pipeline\Pipeline->then(Object(Closure))
#15 /var/www/Starcraft_2_micro_trainer/vendor/laravel/framework/src/Illuminate/Foundation/Http/Kernel.php(87): Illuminate\Foundation\Http\Kernel->sendRequestThroughRouter(Object(Illuminate\Http\Request))
#16 /var/www/Starcraft_2_micro_trainer/public/index.php(54): Illuminate\Foundation\Http\Kernel->handle(Object(Illuminate\Http\Request))
#17 {main}  
[2015-11-19 03:26:18] production.ERROR: exception 'RuntimeException' with message 'No supported encrypter found. The cipher and / or key length are invalid.' in /var/www/Starcraft_2_micro_trainer/vendor/laravel/framework/src/Illuminate/Encryption/EncryptionServiceProvider.php:29
Stack trace:
#0 /var/www/Starcraft_2_micro_trainer/vendor/laravel/framework/src/Illuminate/Container/Container.php(734): Illuminate\Encryption\EncryptionServiceProvider->Illuminate\Encryption\{closure}(Object(Illuminate\Foundation\Application), Array)
#1 /var/www/Starcraft_2_micro_trainer/vendor/laravel/framework/src/Illuminate/Container/Container.php(627): Illuminate\Container\Container->build(Object(Closure), Array)
#2 /var/www/Starcraft_2_micro_trainer/vendor/laravel/framework/src/Illuminate/Foundation/Application.php(674): Illuminate\Container\Container->make('encrypter', Array)
#3 /var/www/Starcraft_2_micro_trainer/vendor/laravel/framework/src/Illuminate/Container/Container.php(838): Illuminate\Foundation\Application->make('Illuminate\\Cont...')
#4 /var/www/Starcraft_2_micro_trainer/vendor/laravel/framework/src/Illuminate/Container/Container.php(801): Illuminate\Container\Container->resolveClass(Object(ReflectionParameter))
#5 /var/www/Starcraft_2_micro_trainer/vendor/laravel/framework/src/Illuminate/Container/Container.php(772): Illuminate\Container\Container->getDependencies(Array, Array)
#6 /var/www/Starcraft_2_micro_trainer/vendor/laravel/framework/src/Illuminate/Container/Container.php(627): Illuminate\Container\Container->build('App\\Http\\Middle...', Array)
#7 /var/www/Starcraft_2_micro_trainer/vendor/laravel/framework/src/Illuminate/Foundation/Application.php(674): Illuminate\Container\Container->make('App\\Http\\Middle...', Array)
#8 /var/www/Starcraft_2_micro_trainer/vendor/laravel/framework/src/Illuminate/Foundation/Http/Kernel.php(142): Illuminate\Foundation\Application->make('App\\Http\\Middle...')
#9 /var/www/Starcraft_2_micro_trainer/public/index.php(58): Illuminate\Foundation\Http\Kernel->terminate(Object(Illuminate\Http\Request), Object(Illuminate\Http\Response))
#10 {main}  
[2015-11-19 03:35:20] production.ERROR: exception 'Symfony\Component\Debug\Exception\FatalErrorException' with message 'syntax error, unexpected end of file' in /var/www/Starcraft_2_micro_trainer/app/Http/routes.php:15
Stack trace:
#0 {main}  
[2015-11-19 03:35:44] production.ERROR: exception 'Symfony\Component\Debug\Exception\FatalErrorException' with message 'Class 'Controller' not found' in /var/www/Starcraft_2_micro_trainer/app/Http/Controllers/WelcomeController.php:4
Stack trace:
#0 {main}  
[2015-11-19 04:03:26] production.ERROR: exception 'InvalidArgumentException' with message 'Command "make:route" is not defined.

Did you mean one of these?
    make:test
    make:request
    make:migration
    make:seeder
    make:middleware
    make:controller
    make:provider
    make:policy
    make:event
    make:console
    make:job
    make:listener
    make:model
    make:command' in /var/www/Starcraft_2_micro_trainer/vendor/symfony/console/Application.php:511
Stack trace:
#0 /var/www/Starcraft_2_micro_trainer/vendor/symfony/console/Application.php(186): Symfony\Component\Console\Application->find('make:route')
#1 /var/www/Starcraft_2_micro_trainer/vendor/symfony/console/Application.php(120): Symfony\Component\Console\Application->doRun(Object(Symfony\Component\Console\Input\ArgvInput), Object(Symfony\Component\Console\Output\ConsoleOutput))
#2 /var/www/Starcraft_2_micro_trainer/vendor/laravel/framework/src/Illuminate/Foundation/Console/Kernel.php(107): Symfony\Component\Console\Application->run(Object(Symfony\Component\Console\Input\ArgvInput), Object(Symfony\Component\Console\Output\ConsoleOutput))
#3 /var/www/Starcraft_2_micro_trainer/artisan(36): Illuminate\Foundation\Console\Kernel->handle(Object(Symfony\Component\Console\Input\ArgvInput), Object(Symfony\Component\Console\Output\ConsoleOutput))
#4 {main}  
